2025-02-01 11:58:00 | DEBUG | repo=arquillian-phantom-binary | action=commit
2025-03-16 18:31:00 | INFO | repo=arquillian-phantom-binary | action=test | passed=true
2025-05-28 21:01:00 | DEBUG | repo=arquillian-phantom-binary | action=commit
2025-01-26 18:18:00 | INFO | repo=arquillian-phantom-binary | action=commit
2025-04-08 13:17:00 | INFO | repo=arquillian-phantom-binary | action=edit | files=1
2025-01-13 07:02:00 | DEBUG | repo=arquillian-phantom-binary | action=edit | files=1
2025-11-05 18:13:00 | DEBUG | repo=arquillian-phantom-binary | action=commit
2025-09-09 20:52:00 | DEBUG | repo=arquillian-phantom-binary | action=commit
2025-04-13 16:19:00 | INFO | repo=arquillian-phantom-binary | action=commit
2025-01-12 12:37:00 | WARN | repo=arquillian-phantom-binary | action=commit
2025-10-15 19:44:00 | WARN | repo=arquillian-phantom-binary | action=test | passed=true
2025-01-12 14:32:00 | WARN | repo=arquillian-phantom-binary | action=commit
2025-04-13 20:19:00 | INFO | repo=arquillian-phantom-binary | action=commit
2025-04-04 15:36:00 | INFO | repo=arquillian-phantom-binary | action=commit
2025-06-22 14:09:00 | DEBUG | repo=arquillian-phantom-binary | action=edit | files=1
2025-01-23 08:39:00 | WARN | repo=arquillian-phantom-binary | action=commit
2025-09-14 09:58:00 | WARN | repo=arquillian-phantom-binary | action=commit
2025-08-15 09:31:00 | WARN | repo=arquillian-phantom-binary | action=commit
2025-08-11 18:36:00 | WARN | repo=arquillian-phantom-binary | action=pull
2025-06-06 08:13:00 | DEBUG | repo=arquillian-phantom-binary | action=pull
2025-04-01 17:10:00 | DEBUG | repo=arquillian-phantom-binary | action=pull
2025-10-28 21:03:00 | INFO | repo=arquillian-phantom-binary | action=commit
2025-10-27 20:11:00 | WARN | repo=arquillian-phantom-binary | action=commit
2025-03-19 14:47:00 | WARN | repo=arquillian-phantom-binary | action=commit
2025-02-18 15:27:00 | DEBUG | repo=arquillian-phantom-binary | action=commit
2025-06-13 10:01:00 | DEBUG | repo=arquillian-phantom-binary | action=test | passed=true
2025-03-11 13:38:00 | WARN | repo=arquillian-phantom-binary | action=commit
2025-02-22 20:22:00 | WARN | repo=arquillian-phantom-binary | action=pull
2025-08-20 08:35:00 | WARN | repo=arquillian-phantom-binary | action=commit
2025-04-05 20:20:00 | DEBUG | repo=arquillian-phantom-binary | action=commit
2025-04-16 11:16:00 | WARN | repo=arquillian-phantom-binary | action=commit
2025-03-04 18:27:00 | INFO | repo=arquillian-phantom-binary | action=edit | files=3
2025-05-22 16:04:00 | INFO | repo=arquillian-phantom-binary | action=pull
2025-02-24 19:12:00 | WARN | repo=arquillian-phantom-binary | action=commit
2025-11-13 08:40:00 | WARN | repo=arquillian-phantom-binary | action=commit
2025-01-02 11:08:00 | WARN | repo=arquillian-phantom-binary | action=commit
2025-02-17 16:56:00 | DEBUG | repo=arquillian-phantom-binary | action=commit
2025-12-05 17:51:00 | INFO | repo=arquillian-phantom-binary | action=commit
2025-06-24 07:18:00 | WARN | repo=arquillian-phantom-binary | action=commit
2025-01-28 20:10:00 | DEBUG | repo=arquillian-phantom-binary | action=commit
2025-01-08 17:14:00 | WARN | repo=arquillian-phantom-binary | action=commit
2025-03-07 15:18:00 | WARN | repo=arquillian-phantom-binary | action=edit | files=3
2025-05-10 10:49:00 | INFO | repo=arquillian-phantom-binary | action=test | passed=true
2025-12-19 09:54:00 | WARN | repo=arquillian-phantom-binary | action=commit
2025-12-13 09:10:00 | DEBUG | repo=arquillian-phantom-binary | action=commit
2025-05-07 11:24:00 | INFO | repo=arquillian-phantom-binary | action=test | passed=true
2025-11-04 09:31:00 | INFO | repo=arquillian-phantom-binary | action=pull
2025-09-10 17:47:00 | INFO | repo=arquillian-phantom-binary | action=test | passed=true
2025-10-28 20:14:00 | WARN | repo=arquillian-phantom-binary | action=commit
2025-10-13 14:34:00 | DEBUG | repo=arquillian-phantom-binary | action=commit
2025-05-09 14:31:00 | WARN | repo=arquillian-phantom-binary | action=commit
2025-01-17 08:32:00 | WARN | repo=arquillian-phantom-binary | action=commit
2025-08-25 21:22:00 | DEBUG | repo=arquillian-phantom-binary | action=commit
2025-01-22 19:54:00 | INFO | repo=arquillian-phantom-binary | action=commit
2025-03-11 11:51:00 | DEBUG | repo=arquillian-phantom-binary | action=commit
2025-03-03 18:13:00 | INFO | repo=arquillian-phantom-binary | action=commit
2025-08-18 16:24:00 | DEBUG | repo=arquillian-phantom-binary | action=edit | files=1
2025-09-14 10:10:00 | WARN | repo=arquillian-phantom-binary | action=pull
2025-07-02 07:16:00 | INFO | repo=arquillian-phantom-binary | action=commit
2025-10-10 12:33:00 | INFO | repo=arquillian-phantom-binary | action=commit
2025-02-21 20:30:00 | WARN | repo=arquillian-phantom-binary | action=commit
2025-10-07 08:25:00 | INFO | repo=arquillian-phantom-binary | action=commit
2025-02-05 16:42:00 | WARN | repo=arquillian-phantom-binary | action=commit
2025-10-11 12:01:00 | DEBUG | repo=arquillian-phantom-binary | action=pull
2025-11-14 17:17:00 | INFO | repo=arquillian-phantom-binary | action=commit
2025-08-11 10:29:00 | WARN | repo=arquillian-phantom-binary | action=commit
2025-09-07 16:55:00 | WARN | repo=arquillian-phantom-binary | action=commit
